2015-05-26T03:56:00.795-08:00| appLoader| I120: Log for appLoader pid=2057 version=9.9.2 build=build-2496486 option=Release
2015-05-26T03:56:00.795-08:00| appLoader| I120: The process is 64-bit.
2015-05-26T03:56:00.795-08:00| appLoader| I120: Host codepage=UTF-8 encoding=UTF-8
2015-05-26T03:56:00.795-08:00| appLoader| I120: Host is Linux 2.6.32-431.el6.x86_64 CentOS release 6.5 (Final)
2015-05-26T03:56:00.810-08:00| appLoader| I120: Invocation: "/usr/bin/tpvmlpd"
2015-05-26T03:56:00.810-08:00| appLoader| I120: Calling: "/usr/bin/tpvmlpd"
2015-05-26T03:56:00.810-08:00| appLoader| I120: VMDEVEL not set.
2015-05-26T03:56:00.810-08:00| appLoader| I120: VMWARE_SHIPPED_LIBS_LIST is not set.
2015-05-26T03:56:00.810-08:00| appLoader| I120: VMWARE_SYSTEM_LIBS_LIST is not set.
2015-05-26T03:56:00.810-08:00| appLoader| I120: VMWARE_USE_SHIPPED_LIBS is not set.
2015-05-26T03:56:00.810-08:00| appLoader| I120: VMWARE_USE_SYSTEM_LIBS is not set.
2015-05-26T03:56:00.810-08:00| appLoader| I120: Using configuration file /etc/vmware-tools/config.
2015-05-26T03:56:00.810-08:00| appLoader| I120: Using library directory:  /usr/lib/vmware-tools.
2015-05-26T03:56:00.810-08:00| appLoader| I120: Shipped glib version is 2.24
2015-05-26T03:56:00.810-08:00| appLoader| I120: System glib version is 2.26
2015-05-26T03:56:00.810-08:00| appLoader| I120: Using system version of glib.
2015-05-26T03:56:00.810-08:00| appLoader| I120: Marking libtpvmlpd.so node as INVALID.
2015-05-26T03:56:00.825-08:00| appLoader| I120: Marking libz.so.1 node as INVALID.
2015-05-26T03:56:00.834-08:00| appLoader| I120: Created dependency tree.
2015-05-26T03:56:00.834-08:00| appLoader| I120: Marking libtpvmlpd.so node as SHIPPED.
2015-05-26T03:56:00.834-08:00| appLoader| I120: Marking libz.so.1 node as SYSTEM.
2015-05-26T03:56:00.834-08:00| appLoader| I120: libtpvmlpd.so <SHIPPED>
2015-05-26T03:56:00.834-08:00| appLoader| I120: libz.so.1 <SYSTEM>
2015-05-26T03:56:00.835-08:00| appLoader| I120: Shipped glib version is 2.24
2015-05-26T03:56:00.835-08:00| appLoader| I120: System glib version is 2.26
2015-05-26T03:56:00.835-08:00| appLoader| I120: Using system version of glib.
2015-05-26T03:56:00.835-08:00| appLoader| I120: Loading system version of libz.so.1.
